[2022-05-18T13:45:04.576410+00:00] main.ERROR: There are no commands defined in the "catalog:image" namespace.
#0 C:\xampp\htdocs\htn_magento\vendor\symfony\console\Application.php(657): Symfony\Component\Console\Application->findNamespace('catalog:image')
#1 C:\xampp\htdocs\htn_magento\vendor\symfony\console\Application.php(237): Symfony\Component\Console\Application->find('catalog:image:r...')
#2 C:\xampp\htdocs\htn_magento\vendor\magento\framework\Console\Cli.php(115): Symfony\Component\Console\Application->doRun(Object(Symfony\Component\Console\Input\ArgvInput), Object(Symfony\Component\Console\Output\ConsoleOutput))
#3 C:\xampp\htdocs\htn_magento\vendor\symfony\console\Application.php(149): Magento\Framework\Console\Cli->doRun(Object(Symfony\Component\Console\Input\ArgvInput), Object(Symfony\Component\Console\Output\ConsoleOutput))
#4 C:\xampp\htdocs\htn_magento\bin\magento(23): Symfony\Component\Console\Application->run()
#5 {main} [] []
[2022-05-18T13:45:33.245091+00:00] main.ERROR: There are no commands defined in the "indexer" namespace.
#0 C:\xampp\htdocs\htn_magento\vendor\symfony\console\Application.php(657): Symfony\Component\Console\Application->findNamespace('indexer')
#1 C:\xampp\htdocs\htn_magento\vendor\symfony\console\Application.php(237): Symfony\Component\Console\Application->find('indexer:reindex')
#2 C:\xampp\htdocs\htn_magento\vendor\magento\framework\Console\Cli.php(115): Symfony\Component\Console\Application->doRun(Object(Symfony\Component\Console\Input\ArgvInput), Object(Symfony\Component\Console\Output\ConsoleOutput))
#3 C:\xampp\htdocs\htn_magento\vendor\symfony\console\Application.php(149): Magento\Framework\Console\Cli->doRun(Object(Symfony\Component\Console\Input\ArgvInput), Object(Symfony\Component\Console\Output\ConsoleOutput))
#4 C:\xampp\htdocs\htn_magento\bin\magento(23): Symfony\Component\Console\Application->run()
#5 {main} [] []
[2022-05-18T13:46:03.703906+00:00] main.ERROR: Sample Data error: Warning: file_get_contents(C:/xampp/htdocs/htn_magento/pub/media/downloadable/files/links/l/u/luma_background_-_model_against_fence_4_sec_.mp4): Failed to open stream: No such file or directory in C:\xampp\htdocs\htn_magento\vendor\magento\module-downloadable-sample-data\Model\Product\Converter.php on line 132 [] []
[2022-05-18T13:49:29.863666+00:00] main.WARNING: Memory size allocated for the temporary table is more than 20% of innodb_buffer_pool_size. Please update innodb_buffer_pool_size or decrease batch size value (which decreases memory usages for the temporary table). Current batch size: 100000; Allocated memory size: 50000000 bytes; InnoDB buffer pool size: 16777216 bytes. [] []
[2022-05-18T13:49:30.005787+00:00] main.WARNING: Memory size allocated for the temporary table is more than 20% of innodb_buffer_pool_size. Please update innodb_buffer_pool_size or decrease batch size value (which decreases memory usages for the temporary table). Current batch size: 100000; Allocated memory size: 50000000 bytes; InnoDB buffer pool size: 16777216 bytes. [] []
[2022-05-18T13:49:30.137730+00:00] main.WARNING: Memory size allocated for the temporary table is more than 20% of innodb_buffer_pool_size. Please update innodb_buffer_pool_size or decrease batch size value (which decreases memory usages for the temporary table). Current batch size: 100000; Allocated memory size: 50000000 bytes; InnoDB buffer pool size: 16777216 bytes. [] []
[2022-05-18T13:49:30.465727+00:00] main.WARNING: Memory size allocated for the temporary table is more than 20% of innodb_buffer_pool_size. Please update innodb_buffer_pool_size or decrease batch size value (which decreases memory usages for the temporary table). Current batch size: 100000; Allocated memory size: 50000000 bytes; InnoDB buffer pool size: 16777216 bytes. [] []
[2022-05-18T13:49:30.571955+00:00] main.WARNING: Memory size allocated for the temporary table is more than 20% of innodb_buffer_pool_size. Please update innodb_buffer_pool_size or decrease batch size value (which decreases memory usages for the temporary table). Current batch size: 100000; Allocated memory size: 50000000 bytes; InnoDB buffer pool size: 16777216 bytes. [] []
[2022-05-18T13:49:30.763658+00:00] main.WARNING: Memory size allocated for the temporary table is more than 20% of innodb_buffer_pool_size. Please update innodb_buffer_pool_size or decrease batch size value (which decreases memory usages for the temporary table). Current batch size: 100000; Allocated memory size: 50000000 bytes; InnoDB buffer pool size: 16777216 bytes. [] []
[2022-05-18T13:49:32.029370+00:00] main.WARNING: Memory size allocated for the temporary table is more than 20% of innodb_buffer_pool_size. Please update innodb_buffer_pool_size or decrease batch size value (which decreases memory usages for the temporary table). Current batch size: 1000; Allocated memory size: 4500000 bytes; InnoDB buffer pool size: 16777216 bytes. [] []
[2022-05-18T13:49:35.453927+00:00] main.WARNING: Memory size allocated for the temporary table is more than 20% of innodb_buffer_pool_size. Please update innodb_buffer_pool_size or decrease batch size value (which decreases memory usages for the temporary table). Current batch size: 5000; Allocated memory size: 4000000 bytes; InnoDB buffer pool size: 16777216 bytes. [] []
[2022-05-18T13:49:35.459743+00:00] main.WARNING: Memory size allocated for the temporary table is more than 20% of innodb_buffer_pool_size. Please update innodb_buffer_pool_size or decrease batch size value (which decreases memory usages for the temporary table). Current batch size: 5000; Allocated memory size: 4000000 bytes; InnoDB buffer pool size: 16777216 bytes. [] []
[2022-05-18T13:49:36.337469+00:00] main.WARNING: Memory size allocated for the temporary table is more than 20% of innodb_buffer_pool_size. Please update innodb_buffer_pool_size or decrease batch size value (which decreases memory usages for the temporary table). Current batch size: 5000; Allocated memory size: 4000000 bytes; InnoDB buffer pool size: 16777216 bytes. [] []
[2022-05-18T13:49:36.348678+00:00] main.WARNING: Memory size allocated for the temporary table is more than 20% of innodb_buffer_pool_size. Please update innodb_buffer_pool_size or decrease batch size value (which decreases memory usages for the temporary table). Current batch size: 3334; Allocated memory size: 40008000 bytes; InnoDB buffer pool size: 16777216 bytes. [] []
[2022-05-18T13:49:36.598602+00:00] main.WARNING: Memory size allocated for the temporary table is more than 20% of innodb_buffer_pool_size. Please update innodb_buffer_pool_size or decrease batch size value (which decreases memory usages for the temporary table). Current batch size: 334; Allocated memory size: 4008000 bytes; InnoDB buffer pool size: 16777216 bytes. [] []
[2022-05-18T13:49:36.654919+00:00] main.WARNING: Memory size allocated for the temporary table is more than 20% of innodb_buffer_pool_size. Please update innodb_buffer_pool_size or decrease batch size value (which decreases memory usages for the temporary table). Current batch size: 334; Allocated memory size: 4008000 bytes; InnoDB buffer pool size: 16777216 bytes. [] []
[2022-05-18T13:51:04.730375+00:00] main.WARNING: Memory size allocated for the temporary table is more than 20% of innodb_buffer_pool_size. Please update innodb_buffer_pool_size or decrease batch size value (which decreases memory usages for the temporary table). Current batch size: 100000; Allocated memory size: 50000000 bytes; InnoDB buffer pool size: 16777216 bytes. [] []
[2022-05-18T13:51:04.874892+00:00] main.WARNING: Memory size allocated for the temporary table is more than 20% of innodb_buffer_pool_size. Please update innodb_buffer_pool_size or decrease batch size value (which decreases memory usages for the temporary table). Current batch size: 100000; Allocated memory size: 50000000 bytes; InnoDB buffer pool size: 16777216 bytes. [] []
[2022-05-18T13:51:05.055200+00:00] main.WARNING: Memory size allocated for the temporary table is more than 20% of innodb_buffer_pool_size. Please update innodb_buffer_pool_size or decrease batch size value (which decreases memory usages for the temporary table). Current batch size: 100000; Allocated memory size: 50000000 bytes; InnoDB buffer pool size: 16777216 bytes. [] []
[2022-05-18T13:51:07.214316+00:00] main.WARNING: Memory size allocated for the temporary table is more than 20% of innodb_buffer_pool_size. Please update innodb_buffer_pool_size or decrease batch size value (which decreases memory usages for the temporary table). Current batch size: 1000; Allocated memory size: 4500000 bytes; InnoDB buffer pool size: 16777216 bytes. [] []
[2022-05-18T13:51:09.774496+00:00] main.WARNING: Memory size allocated for the temporary table is more than 20% of innodb_buffer_pool_size. Please update innodb_buffer_pool_size or decrease batch size value (which decreases memory usages for the temporary table). Current batch size: 5000; Allocated memory size: 4000000 bytes; InnoDB buffer pool size: 16777216 bytes. [] []
[2022-05-18T13:51:09.782881+00:00] main.WARNING: Memory size allocated for the temporary table is more than 20% of innodb_buffer_pool_size. Please update innodb_buffer_pool_size or decrease batch size value (which decreases memory usages for the temporary table). Current batch size: 5000; Allocated memory size: 4000000 bytes; InnoDB buffer pool size: 16777216 bytes. [] []
[2022-05-18T13:51:11.128726+00:00] main.WARNING: Memory size allocated for the temporary table is more than 20% of innodb_buffer_pool_size. Please update innodb_buffer_pool_size or decrease batch size value (which decreases memory usages for the temporary table). Current batch size: 5000; Allocated memory size: 4000000 bytes; InnoDB buffer pool size: 16777216 bytes. [] []
[2022-05-18T13:51:11.141034+00:00] main.WARNING: Memory size allocated for the temporary table is more than 20% of innodb_buffer_pool_size. Please update innodb_buffer_pool_size or decrease batch size value (which decreases memory usages for the temporary table). Current batch size: 3334; Allocated memory size: 40008000 bytes; InnoDB buffer pool size: 16777216 bytes. [] []
[2022-05-18T13:51:11.550262+00:00] main.WARNING: Memory size allocated for the temporary table is more than 20% of innodb_buffer_pool_size. Please update innodb_buffer_pool_size or decrease batch size value (which decreases memory usages for the temporary table). Current batch size: 334; Allocated memory size: 4008000 bytes; InnoDB buffer pool size: 16777216 bytes. [] []
[2022-05-18T13:51:11.689699+00:00] main.WARNING: Memory size allocated for the temporary table is more than 20% of innodb_buffer_pool_size. Please update innodb_buffer_pool_size or decrease batch size value (which decreases memory usages for the temporary table). Current batch size: 334; Allocated memory size: 4008000 bytes; InnoDB buffer pool size: 16777216 bytes. [] []
[2022-05-18T13:52:51.873150+00:00] main.WARNING: Memory size allocated for the temporary table is more than 20% of innodb_buffer_pool_size. Please update innodb_buffer_pool_size or decrease batch size value (which decreases memory usages for the temporary table). Current batch size: 100000; Allocated memory size: 50000000 bytes; InnoDB buffer pool size: 16777216 bytes. [] []
[2022-05-18T13:52:52.076208+00:00] main.WARNING: Memory size allocated for the temporary table is more than 20% of innodb_buffer_pool_size. Please update innodb_buffer_pool_size or decrease batch size value (which decreases memory usages for the temporary table). Current batch size: 100000; Allocated memory size: 50000000 bytes; InnoDB buffer pool size: 16777216 bytes. [] []
[2022-05-18T13:52:55.955192+00:00] main.WARNING: Memory size allocated for the temporary table is more than 20% of innodb_buffer_pool_size. Please update innodb_buffer_pool_size or decrease batch size value (which decreases memory usages for the temporary table). Current batch size: 100000; Allocated memory size: 50000000 bytes; InnoDB buffer pool size: 16777216 bytes. [] []
[2022-05-18T13:52:56.387465+00:00] main.WARNING: Memory size allocated for the temporary table is more than 20% of innodb_buffer_pool_size. Please update innodb_buffer_pool_size or decrease batch size value (which decreases memory usages for the temporary table). Current batch size: 100000; Allocated memory size: 50000000 bytes; InnoDB buffer pool size: 16777216 bytes. [] []
[2022-05-18T13:52:56.488199+00:00] main.WARNING: Memory size allocated for the temporary table is more than 20% of innodb_buffer_pool_size. Please update innodb_buffer_pool_size or decrease batch size value (which decreases memory usages for the temporary table). Current batch size: 100000; Allocated memory size: 50000000 bytes; InnoDB buffer pool size: 16777216 bytes. [] []
[2022-05-18T13:52:59.476869+00:00] main.WARNING: Memory size allocated for the temporary table is more than 20% of innodb_buffer_pool_size. Please update innodb_buffer_pool_size or decrease batch size value (which decreases memory usages for the temporary table). Current batch size: 100000; Allocated memory size: 50000000 bytes; InnoDB buffer pool size: 16777216 bytes. [] []
[2022-05-18T13:53:03.055609+00:00] main.WARNING: Memory size allocated for the temporary table is more than 20% of innodb_buffer_pool_size. Please update innodb_buffer_pool_size or decrease batch size value (which decreases memory usages for the temporary table). Current batch size: 1000; Allocated memory size: 4500000 bytes; InnoDB buffer pool size: 16777216 bytes. [] []
[2022-05-18T13:53:06.879930+00:00] main.WARNING: Memory size allocated for the temporary table is more than 20% of innodb_buffer_pool_size. Please update innodb_buffer_pool_size or decrease batch size value (which decreases memory usages for the temporary table). Current batch size: 5000; Allocated memory size: 4000000 bytes; InnoDB buffer pool size: 16777216 bytes. [] []
[2022-05-18T13:53:06.885444+00:00] main.WARNING: Memory size allocated for the temporary table is more than 20% of innodb_buffer_pool_size. Please update innodb_buffer_pool_size or decrease batch size value (which decreases memory usages for the temporary table). Current batch size: 5000; Allocated memory size: 4000000 bytes; InnoDB buffer pool size: 16777216 bytes. [] []
[2022-05-18T13:53:08.666233+00:00] main.WARNING: Memory size allocated for the temporary table is more than 20% of innodb_buffer_pool_size. Please update innodb_buffer_pool_size or decrease batch size value (which decreases memory usages for the temporary table). Current batch size: 5000; Allocated memory size: 4000000 bytes; InnoDB buffer pool size: 16777216 bytes. [] []
[2022-05-18T13:53:08.679640+00:00] main.WARNING: Memory size allocated for the temporary table is more than 20% of innodb_buffer_pool_size. Please update innodb_buffer_pool_size or decrease batch size value (which decreases memory usages for the temporary table). Current batch size: 3334; Allocated memory size: 40008000 bytes; InnoDB buffer pool size: 16777216 bytes. [] []
[2022-05-18T13:53:09.035200+00:00] main.WARNING: Memory size allocated for the temporary table is more than 20% of innodb_buffer_pool_size. Please update innodb_buffer_pool_size or decrease batch size value (which decreases memory usages for the temporary table). Current batch size: 334; Allocated memory size: 4008000 bytes; InnoDB buffer pool size: 16777216 bytes. [] []
[2022-05-18T13:53:09.213572+00:00] main.WARNING: Memory size allocated for the temporary table is more than 20% of innodb_buffer_pool_size. Please update innodb_buffer_pool_size or decrease batch size value (which decreases memory usages for the temporary table). Current batch size: 334; Allocated memory size: 4008000 bytes; InnoDB buffer pool size: 16777216 bytes. [] []
[2022-05-18T14:02:51.978180+00:00] main.ERROR: Please upgrade your database: Run "bin/magento setup:upgrade" from the Magento root directory.
The following modules are outdated:
Lime_Sample schema: current version - none, required version - 1.0.0
Lime_Sample data: current version - none, required version - 1.0.0 [] []
[2022-05-18T14:02:51.986435+00:00] main.CRITICAL: Magento\Framework\Exception\LocalizedException: Please upgrade your database: Run "bin/magento setup:upgrade" from the Magento root directory.
The following modules are outdated:
Lime_Sample schema: current version - none, required version - 1.0.0
Lime_Sample data: current version - none, required version - 1.0.0 in C:\xampp\htdocs\htn_magento\vendor\magento\framework\Module\Plugin\DbStatusValidator.php:83
Stack trace:
#0 C:\xampp\htdocs\htn_magento\vendor\magento\framework\Interception\Interceptor.php(121): Magento\Framework\Module\Plugin\DbStatusValidator->beforeDispatch(Object(Magento\Framework\App\FrontController\Interceptor), Object(Magento\Framework\App\Request\Http))
#1 C:\xampp\htdocs\htn_magento\vendor\magento\module-page-cache\Model\App\FrontController\BuiltinPlugin.php(75): Magento\Framework\App\FrontController\Interceptor->Magento\Framework\Interception\{closure}(Object(Magento\Framework\App\Request\Http))
#2 C:\xampp\htdocs\htn_magento\vendor\magento\framework\Interception\Interceptor.php(135): Magento\PageCache\Model\App\FrontController\BuiltinPlugin->aroundDispatch(Object(Magento\Framework\App\FrontController\Interceptor), Object(Closure), Object(Magento\Framework\App\Request\Http))
#3 C:\xampp\htdocs\htn_magento\vendor\magento\framework\Interception\Interceptor.php(153): Magento\Framework\App\FrontController\Interceptor->Magento\Framework\Interception\{closure}(Object(Magento\Framework\App\Request\Http))
#4 C:\xampp\htdocs\htn_magento\generated\code\Magento\Framework\App\FrontController\Interceptor.php(23): Magento\Framework\App\FrontController\Interceptor->___callPlugins('dispatch', Array, Array)
#5 C:\xampp\htdocs\htn_magento\vendor\magento\framework\App\Http.php(116): Magento\Framework\App\FrontController\Interceptor->dispatch(Object(Magento\Framework\App\Request\Http))
#6 C:\xampp\htdocs\htn_magento\generated\code\Magento\Framework\App\Http\Interceptor.php(23): Magento\Framework\App\Http->launch()
#7 C:\xampp\htdocs\htn_magento\vendor\magento\framework\App\Bootstrap.php(264): Magento\Framework\App\Http\Interceptor->launch()
#8 C:\xampp\htdocs\htn_magento\pub\index.php(30): Magento\Framework\App\Bootstrap->run(Object(Magento\Framework\App\Http\Interceptor))
#9 {main} {"report_id":"9c8bae68a087e8f5838a457177a1068b452bde1ec82940ec837bf51d7a9634ab"} []
[2022-05-18T14:02:53.356259+00:00] main.ERROR: Please upgrade your database: Run "bin/magento setup:upgrade" from the Magento root directory.
The following modules are outdated:
Lime_Sample schema: current version - none, required version - 1.0.0
Lime_Sample data: current version - none, required version - 1.0.0 [] []
[2022-05-18T14:02:53.360693+00:00] main.CRITICAL: Magento\Framework\Exception\LocalizedException: Please upgrade your database: Run "bin/magento setup:upgrade" from the Magento root directory.
The following modules are outdated:
Lime_Sample schema: current version - none, required version - 1.0.0
Lime_Sample data: current version - none, required version - 1.0.0 in C:\xampp\htdocs\htn_magento\vendor\magento\framework\Module\Plugin\DbStatusValidator.php:83
Stack trace:
#0 C:\xampp\htdocs\htn_magento\vendor\magento\framework\Interception\Interceptor.php(121): Magento\Framework\Module\Plugin\DbStatusValidator->beforeDispatch(Object(Magento\Framework\App\FrontController\Interceptor), Object(Magento\Framework\App\Request\Http))
#1 C:\xampp\htdocs\htn_magento\vendor\magento\framework\Interception\Interceptor.php(153): Magento\Framework\App\FrontController\Interceptor->Magento\Framework\Interception\{closure}(Object(Magento\Framework\App\Request\Http))
#2 C:\xampp\htdocs\htn_magento\generated\code\Magento\Framework\App\FrontController\Interceptor.php(23): Magento\Framework\App\FrontController\Interceptor->___callPlugins('dispatch', Array, Array)
#3 C:\xampp\htdocs\htn_magento\vendor\magento\framework\App\Http.php(116): Magento\Framework\App\FrontController\Interceptor->dispatch(Object(Magento\Framework\App\Request\Http))
#4 C:\xampp\htdocs\htn_magento\generated\code\Magento\Framework\App\Http\Interceptor.php(23): Magento\Framework\App\Http->launch()
#5 C:\xampp\htdocs\htn_magento\vendor\magento\framework\App\Bootstrap.php(264): Magento\Framework\App\Http\Interceptor->launch()
#6 C:\xampp\htdocs\htn_magento\pub\index.php(30): Magento\Framework\App\Bootstrap->run(Object(Magento\Framework\App\Http\Interceptor))
#7 {main} {"report_id":"9aa78a99af7f6729347b2d808c27a2ac5f795d9a3b691d7333974f92164d4c7e"} []
[2022-05-18T14:04:40.112679+00:00] main.WARNING: Memory size allocated for the temporary table is more than 20% of innodb_buffer_pool_size. Please update innodb_buffer_pool_size or decrease batch size value (which decreases memory usages for the temporary table). Current batch size: 100000; Allocated memory size: 50000000 bytes; InnoDB buffer pool size: 16777216 bytes. [] []
[2022-05-18T14:04:40.278141+00:00] main.WARNING: Memory size allocated for the temporary table is more than 20% of innodb_buffer_pool_size. Please update innodb_buffer_pool_size or decrease batch size value (which decreases memory usages for the temporary table). Current batch size: 100000; Allocated memory size: 50000000 bytes; InnoDB buffer pool size: 16777216 bytes. [] []
[2022-05-18T14:04:43.598114+00:00] main.WARNING: Memory size allocated for the temporary table is more than 20% of innodb_buffer_pool_size. Please update innodb_buffer_pool_size or decrease batch size value (which decreases memory usages for the temporary table). Current batch size: 100000; Allocated memory size: 50000000 bytes; InnoDB buffer pool size: 16777216 bytes. [] []
[2022-05-18T14:04:44.099752+00:00] main.WARNING: Memory size allocated for the temporary table is more than 20% of innodb_buffer_pool_size. Please update innodb_buffer_pool_size or decrease batch size value (which decreases memory usages for the temporary table). Current batch size: 100000; Allocated memory size: 50000000 bytes; InnoDB buffer pool size: 16777216 bytes. [] []
[2022-05-18T14:04:44.237345+00:00] main.WARNING: Memory size allocated for the temporary table is more than 20% of innodb_buffer_pool_size. Please update innodb_buffer_pool_size or decrease batch size value (which decreases memory usages for the temporary table). Current batch size: 100000; Allocated memory size: 50000000 bytes; InnoDB buffer pool size: 16777216 bytes. [] []
[2022-05-18T14:04:48.129259+00:00] main.WARNING: Memory size allocated for the temporary table is more than 20% of innodb_buffer_pool_size. Please update innodb_buffer_pool_size or decrease batch size value (which decreases memory usages for the temporary table). Current batch size: 100000; Allocated memory size: 50000000 bytes; InnoDB buffer pool size: 16777216 bytes. [] []
[2022-05-18T14:04:53.068844+00:00] main.WARNING: Memory size allocated for the temporary table is more than 20% of innodb_buffer_pool_size. Please update innodb_buffer_pool_size or decrease batch size value (which decreases memory usages for the temporary table). Current batch size: 1000; Allocated memory size: 4500000 bytes; InnoDB buffer pool size: 16777216 bytes. [] []
[2022-05-18T14:04:57.817571+00:00] main.WARNING: Memory size allocated for the temporary table is more than 20% of innodb_buffer_pool_size. Please update innodb_buffer_pool_size or decrease batch size value (which decreases memory usages for the temporary table). Current batch size: 5000; Allocated memory size: 4000000 bytes; InnoDB buffer pool size: 16777216 bytes. [] []
[2022-05-18T14:04:57.823961+00:00] main.WARNING: Memory size allocated for the temporary table is more than 20% of innodb_buffer_pool_size. Please update innodb_buffer_pool_size or decrease batch size value (which decreases memory usages for the temporary table). Current batch size: 5000; Allocated memory size: 4000000 bytes; InnoDB buffer pool size: 16777216 bytes. [] []
[2022-05-18T14:05:00.634126+00:00] main.WARNING: Memory size allocated for the temporary table is more than 20% of innodb_buffer_pool_size. Please update innodb_buffer_pool_size or decrease batch size value (which decreases memory usages for the temporary table). Current batch size: 5000; Allocated memory size: 4000000 bytes; InnoDB buffer pool size: 16777216 bytes. [] []
[2022-05-18T14:05:00.662057+00:00] main.WARNING: Memory size allocated for the temporary table is more than 20% of innodb_buffer_pool_size. Please update innodb_buffer_pool_size or decrease batch size value (which decreases memory usages for the temporary table). Current batch size: 3334; Allocated memory size: 40008000 bytes; InnoDB buffer pool size: 16777216 bytes. [] []
[2022-05-18T14:05:01.076109+00:00] main.WARNING: Memory size allocated for the temporary table is more than 20% of innodb_buffer_pool_size. Please update innodb_buffer_pool_size or decrease batch size value (which decreases memory usages for the temporary table). Current batch size: 334; Allocated memory size: 4008000 bytes; InnoDB buffer pool size: 16777216 bytes. [] []
[2022-05-18T14:05:01.309684+00:00] main.WARNING: Memory size allocated for the temporary table is more than 20% of innodb_buffer_pool_size. Please update innodb_buffer_pool_size or decrease batch size value (which decreases memory usages for the temporary table). Current batch size: 334; Allocated memory size: 4008000 bytes; InnoDB buffer pool size: 16777216 bytes. [] []
[2022-05-18T14:09:17.789213+00:00] main.INFO: Item Magento_Backend::system_currency was removed [] []
[2022-05-18T14:09:17.830535+00:00] main.INFO: Add of item with id Magento_Theme::design_config was processed [] []
[2022-05-18T14:09:17.831272+00:00] main.INFO: Add of item with id Magento_Theme::system_design_theme was processed [] []
[2022-05-18T14:09:17.831863+00:00] main.INFO: Add of item with id Magento_Config::system_config was processed [] []
[2022-05-18T14:09:17.832323+00:00] main.INFO: Add of item with id Magento_Backend::system_design_schedule was processed [] []
[2022-05-18T14:09:17.832761+00:00] main.INFO: Add of item with id Magento_Backend::system_store was processed [] []
[2022-05-18T14:09:17.833196+00:00] main.INFO: Add of item with id Magento_Backend::dashboard was processed [] []
[2022-05-18T14:09:17.833606+00:00] main.INFO: Add of item with id Magento_Backend::system was processed [] []
[2022-05-18T14:09:17.834103+00:00] main.INFO: Add of item with id Magento_Backend::system_tools was processed [] []
[2022-05-18T14:09:17.834572+00:00] main.INFO: Add of item with id Magento_Backend::system_design was processed [] []
[2022-05-18T14:09:17.834994+00:00] main.INFO: Add of item with id Magento_Backend::system_convert was processed [] []
[2022-05-18T14:09:17.835518+00:00] main.INFO: Add of item with id Magento_Backend::system_cache was processed [] []
[2022-05-18T14:09:17.836046+00:00] main.INFO: Add of item with id Magento_Backend::marketing was processed [] []
[2022-05-18T14:09:17.836592+00:00] main.INFO: Add of item with id Magento_Backend::marketing_communications was processed [] []
[2022-05-18T14:09:17.837452+00:00] main.INFO: Add of item with id Magento_Backend::marketing_seo was processed [] []
[2022-05-18T14:09:17.838006+00:00] main.INFO: Add of item with id Magento_Backend::marketing_user_content was processed [] []
[2022-05-18T14:09:17.839384+00:00] main.INFO: Add of item with id Magento_Backend::content was processed [] []
[2022-05-18T14:09:17.839798+00:00] main.INFO: Add of item with id Magento_Backend::content_elements was processed [] []
[2022-05-18T14:09:17.840164+00:00] main.INFO: Add of item with id Magento_Backend::stores was processed [] []
[2022-05-18T14:09:17.840600+00:00] main.INFO: Add of item with id Magento_Backend::stores_settings was processed [] []
[2022-05-18T14:09:17.840957+00:00] main.INFO: Add of item with id Magento_Backend::stores_attributes was processed [] []
[2022-05-18T14:09:17.858046+00:00] main.INFO: Add of item with id Magento_Backend::other_settings was processed [] []
[2022-05-18T14:09:17.858507+00:00] main.INFO: Add of item with id Magento_Backend::system_other_settings was processed [] []
[2022-05-18T14:09:17.859323+00:00] main.INFO: Add of item with id Magento_Variable::system_variable was processed [] []
[2022-05-18T14:09:17.859755+00:00] main.INFO: Add of item with id Magento_Search::search_terms was processed [] []
[2022-05-18T14:09:17.860107+00:00] main.INFO: Add of item with id Magento_Search::search_synonyms was processed [] []
[2022-05-18T14:09:17.860438+00:00] main.INFO: Add of item with id Magento_Backup::system_tools_backup was processed [] []
[2022-05-18T14:09:17.861039+00:00] main.INFO: Add of item with id Magento_Customer::customer was processed [] []
[2022-05-18T14:09:17.861455+00:00] main.INFO: Add of item with id Magento_Customer::customer_manage was processed [] []
[2022-05-18T14:09:17.861884+00:00] main.INFO: Add of item with id Magento_Customer::customer_online was processed [] []
[2022-05-18T14:09:17.862211+00:00] main.INFO: Add of item with id Magento_Customer::customer_group was processed [] []
[2022-05-18T14:09:17.862530+00:00] main.INFO: Add of item with id Magento_AdminNotification::system_adminnotification was processed [] []
[2022-05-18T14:09:17.862880+00:00] main.INFO: Add of item with id Magento_Indexer::system_index was processed [] []
[2022-05-18T14:09:17.863522+00:00] main.INFO: Add of item with id Magento_Cms::cms_page was processed [] []
[2022-05-18T14:09:17.864024+00:00] main.INFO: Add of item with id Magento_Cms::cms_block was processed [] []
[2022-05-18T14:09:17.865248+00:00] main.INFO: Add of item with id Magento_Catalog::catalog was processed [] []
[2022-05-18T14:09:17.866034+00:00] main.INFO: Add of item with id Magento_Catalog::catalog_products was processed [] []
[2022-05-18T14:09:17.866521+00:00] main.INFO: Add of item with id Magento_Catalog::catalog_categories was processed [] []
[2022-05-18T14:09:17.867053+00:00] main.INFO: Add of item with id Magento_Catalog::catalog_attributes_attributes was processed [] []
[2022-05-18T14:09:17.867512+00:00] main.INFO: Add of item with id Magento_Catalog::catalog_attributes_sets was processed [] []
[2022-05-18T14:09:17.868621+00:00] main.INFO: Add of item with id Magento_Catalog::inventory was processed [] []
[2022-05-18T14:09:17.869192+00:00] main.INFO: Add of item with id Magento_CatalogRule::promo was processed [] []
[2022-05-18T14:09:17.869727+00:00] main.INFO: Add of item with id Magento_CatalogRule::promo_catalog was processed [] []
[2022-05-18T14:09:17.870361+00:00] main.INFO: Add of item with id Magento_Sales::sales was processed [] []
[2022-05-18T14:09:17.870918+00:00] main.INFO: Add of item with id Magento_Sales::sales_operation was processed [] []
[2022-05-18T14:09:17.871518+00:00] main.INFO: Add of item with id Magento_Sales::sales_order was processed [] []
[2022-05-18T14:09:17.872072+00:00] main.INFO: Add of item with id Magento_Sales::sales_invoice was processed [] []
[2022-05-18T14:09:17.873627+00:00] main.INFO: Add of item with id Magento_Sales::sales_shipment was processed [] []
[2022-05-18T14:09:17.874855+00:00] main.INFO: Add of item with id Magento_Sales::sales_creditmemo was processed [] []
[2022-05-18T14:09:17.875322+00:00] main.INFO: Add of item with id Magento_Sales::sales_transactions was processed [] []
[2022-05-18T14:09:17.875862+00:00] main.INFO: Add of item with id Magento_Sales::system_order_statuses was processed [] []
[2022-05-18T14:09:17.877200+00:00] main.INFO: Add of item with id Magento_MediaGalleryUi::media was processed [] []
[2022-05-18T14:09:17.878456+00:00] main.INFO: Add of item with id Magento_MediaGalleryUi::media_gallery was processed [] []
[2022-05-18T14:09:17.878955+00:00] main.INFO: Add of item with id Magento_UrlRewrite::urlrewrite was processed [] []
[2022-05-18T14:09:17.879457+00:00] main.INFO: Add of item with id Magento_User::system_acl was processed [] []
[2022-05-18T14:09:17.879998+00:00] main.INFO: Add of item with id Magento_User::system_acl_users was processed [] []
[2022-05-18T14:09:17.880551+00:00] main.INFO: Add of item with id Magento_User::system_acl_roles was processed [] []
[2022-05-18T14:09:17.881092+00:00] main.INFO: Add of item with id Magento_User::system_acl_locks was processed [] []
[2022-05-18T14:09:17.881755+00:00] main.INFO: Add of item with id Magento_Downloadable::report_products_downloads was processed [] []
[2022-05-18T14:09:17.882237+00:00] main.INFO: Add of item with id Magento_Tax::sales_tax was processed [] []
[2022-05-18T14:09:17.883078+00:00] main.INFO: Add of item with id Magento_Tax::sales_tax_rules was processed [] []
[2022-05-18T14:09:17.883578+00:00] main.INFO: Add of item with id Magento_Tax::sales_tax_rates was processed [] []
[2022-05-18T14:09:17.884214+00:00] main.INFO: Add of item with id Magento_Widget::cms_widget_instance was processed [] []
[2022-05-18T14:09:17.884743+00:00] main.INFO: Add of item with id Magento_Integration::system_extensions was processed [] []
[2022-05-18T14:09:17.890263+00:00] main.INFO: Add of item with id Magento_Integration::system_integrations was processed [] []
[2022-05-18T14:09:17.891111+00:00] main.INFO: Add of item with id Magento_ImportExport::system_convert_import was processed [] []
[2022-05-18T14:09:17.891573+00:00] main.INFO: Add of item with id Magento_ImportExport::system_convert_export was processed [] []
[2022-05-18T14:09:17.891959+00:00] main.INFO: Add of item with id Magento_ImportExport::system_convert_history was processed [] []
[2022-05-18T14:09:17.892439+00:00] main.INFO: Add of item with id Magento_Email::template was processed [] []
[2022-05-18T14:09:17.893464+00:00] main.INFO: Add of item with id Magento_EncryptionKey::system_crypt_key was processed [] []
[2022-05-18T14:09:17.894128+00:00] main.INFO: Add of item with id Magento_Analytics::business_intelligence was processed [] []
[2022-05-18T14:09:17.894664+00:00] main.INFO: Add of item with id Magento_Analytics::advanced_reporting was processed [] []
[2022-05-18T14:09:17.896196+00:00] main.INFO: Add of item with id Magento_Analytics::bi_essentials was processed [] []
[2022-05-18T14:09:17.896712+00:00] main.INFO: Add of item with id Magento_InventoryAdminUi::inventory was processed [] []
[2022-05-18T14:09:17.897560+00:00] main.INFO: Add of item with id Magento_InventoryAdminUi::source was processed [] []
[2022-05-18T14:09:17.897996+00:00] main.INFO: Add of item with id Magento_InventoryAdminUi::stock was processed [] []
[2022-05-18T14:09:17.898374+00:00] main.INFO: Add of item with id Magento_Reports::report was processed [] []
[2022-05-18T14:09:17.898872+00:00] main.INFO: Add of item with id Magento_Reports::report_marketing was processed [] []
[2022-05-18T14:09:17.899308+00:00] main.INFO: Add of item with id Magento_Reports::report_salesroot was processed [] []
[2022-05-18T14:09:17.899865+00:00] main.INFO: Add of item with id Magento_Reports::report_salesroot_sales was processed [] []
[2022-05-18T14:09:17.900352+00:00] main.INFO: Add of item with id Magento_Reports::report_salesroot_tax was processed [] []
[2022-05-18T14:09:17.900807+00:00] main.INFO: Add of item with id Magento_Reports::report_salesroot_invoiced was processed [] []
[2022-05-18T14:09:17.901331+00:00] main.INFO: Add of item with id Magento_Reports::report_salesroot_shipping was processed [] []
[2022-05-18T14:09:17.902567+00:00] main.INFO: Add of item with id Magento_Reports::report_salesroot_refunded was processed [] []
[2022-05-18T14:09:17.906427+00:00] main.INFO: Add of item with id Magento_Reports::report_salesroot_coupons was processed [] []
[2022-05-18T14:09:17.907092+00:00] main.INFO: Add of item with id Magento_Reports::report_shopcart_product was processed [] []
[2022-05-18T14:09:17.907505+00:00] main.INFO: Add of item with id Magento_Reports::report_shopcart_abandoned was processed [] []
[2022-05-18T14:09:17.907891+00:00] main.INFO: Add of item with id Magento_Reports::report_products was processed [] []
[2022-05-18T14:09:17.908253+00:00] main.INFO: Add of item with id Magento_Reports::report_products_bestsellers was processed [] []
[2022-05-18T14:09:17.908600+00:00] main.INFO: Add of item with id Magento_Reports::report_products_sold was processed [] []
[2022-05-18T14:09:17.908941+00:00] main.INFO: Add of item with id Magento_Reports::report_products_viewed was processed [] []
[2022-05-18T14:09:17.909283+00:00] main.INFO: Add of item with id Magento_Reports::report_products_lowstock was processed [] []
[2022-05-18T14:09:17.909627+00:00] main.INFO: Add of item with id Magento_Reports::report_customers was processed [] []
[2022-05-18T14:09:17.910039+00:00] main.INFO: Add of item with id Magento_Reports::report_customers_accounts was processed [] []
[2022-05-18T14:09:17.910395+00:00] main.INFO: Add of item with id Magento_Reports::report_customers_totals was processed [] []
[2022-05-18T14:09:17.910753+00:00] main.INFO: Add of item with id Magento_Reports::report_customers_orders was processed [] []
[2022-05-18T14:09:17.911094+00:00] main.INFO: Add of item with id Magento_Reports::report_statistics was processed [] []
[2022-05-18T14:09:17.911502+00:00] main.INFO: Add of item with id Magento_Reports::report_statistics_refresh was processed [] []
[2022-05-18T14:09:17.911847+00:00] main.INFO: Add of item with id Magento_Search::report_search_term was processed [] []
[2022-05-18T14:09:17.912181+00:00] main.INFO: Add of item with id Magento_LoginAsCustomerLog::login_log was processed [] []
[2022-05-18T14:09:17.912507+00:00] main.INFO: Add of item with id Magento_Marketplace::partners was processed [] []
[2022-05-18T14:09:17.912840+00:00] main.INFO: Add of item with id Magento_Newsletter::newsletter_template was processed [] []
[2022-05-18T14:09:17.913174+00:00] main.INFO: Add of item with id Magento_Newsletter::newsletter_queue was processed [] []
[2022-05-18T14:09:17.913514+00:00] main.INFO: Add of item with id Magento_Newsletter::newsletter_subscriber was processed [] []
[2022-05-18T14:09:17.913854+00:00] main.INFO: Add of item with id Magento_Newsletter::newsletter_problem was processed [] []
[2022-05-18T14:09:17.914193+00:00] main.INFO: Add of item with id Magento_SalesRule::promo_quote was processed [] []
[2022-05-18T14:09:17.914526+00:00] main.INFO: Add of item with id Magento_Sitemap::catalog_sitemap was processed [] []
[2022-05-18T14:09:17.914863+00:00] main.INFO: Add of item with id Magento_PageBuilder::templates was processed [] []
[2022-05-18T14:09:17.915201+00:00] main.INFO: Add of item with id Magento_Paypal::report_salesroot_paypal_settlement_reports was processed [] []
[2022-05-18T14:09:17.915534+00:00] main.INFO: Add of item with id Magento_Paypal::paypal_billing_agreement was processed [] []
[2022-05-18T14:09:17.915870+00:00] main.INFO: Add of item with id Magento_Review::catalog_reviews_ratings_ratings was processed [] []
[2022-05-18T14:09:17.916289+00:00] main.INFO: Add of item with id Magento_Review::catalog_reviews_ratings_pending was processed [] []
[2022-05-18T14:09:17.916637+00:00] main.INFO: Add of item with id Magento_Review::catalog_reviews_ratings_reviews_all was processed [] []
[2022-05-18T14:09:17.916973+00:00] main.INFO: Add of item with id Magento_Review::report_review was processed [] []
[2022-05-18T14:09:17.917370+00:00] main.INFO: Add of item with id Magento_Review::report_review_customer was processed [] []
[2022-05-18T14:09:17.917705+00:00] main.INFO: Add of item with id Magento_Review::report_review_product was processed [] []
[2022-05-18T14:09:17.918039+00:00] main.INFO: Add of item with id Magento_CheckoutAgreements::sales_checkoutagreement was processed [] []
[2022-05-18T14:09:17.918362+00:00] main.INFO: Add of item with id Magento_TaxImportExport::system_convert_tax was processed [] []
[2022-05-18T14:09:17.918685+00:00] main.INFO: Add of item with id Magento_AsynchronousOperations::system_magento_logging was processed [] []
[2022-05-18T14:09:17.919084+00:00] main.INFO: Add of item with id Magento_AsynchronousOperations::system_magento_logging_bulk_operations was processed [] []
[2022-05-18T14:09:17.919426+00:00] main.INFO: Add of item with id Magento_CurrencySymbol::system_currency was processed [] []
[2022-05-18T14:09:17.919824+00:00] main.INFO: Add of item with id Magento_CurrencySymbol::system_currency_rates was processed [] []
[2022-05-18T14:09:17.920159+00:00] main.INFO: Add of item with id Magento_CurrencySymbol::system_currency_symbols was processed [] []
[2022-05-18T14:09:17.920482+00:00] main.INFO: Add of item with id PayPal_Braintree::settlement_report was processed [] []
[2022-05-18T14:09:17.920814+00:00] main.INFO: Add of item with id PayPal_Braintree::virtual_terminal was processed [] []
[2022-05-18T14:12:27.011735+00:00] main.WARNING: Memory size allocated for the temporary table is more than 20% of innodb_buffer_pool_size. Please update innodb_buffer_pool_size or decrease batch size value (which decreases memory usages for the temporary table). Current batch size: 100000; Allocated memory size: 50000000 bytes; InnoDB buffer pool size: 16777216 bytes. [] []
[2022-05-18T14:12:27.177880+00:00] main.WARNING: Memory size allocated for the temporary table is more than 20% of innodb_buffer_pool_size. Please update innodb_buffer_pool_size or decrease batch size value (which decreases memory usages for the temporary table). Current batch size: 100000; Allocated memory size: 50000000 bytes; InnoDB buffer pool size: 16777216 bytes. [] []
[2022-05-18T14:12:30.752794+00:00] main.WARNING: Memory size allocated for the temporary table is more than 20% of innodb_buffer_pool_size. Please update innodb_buffer_pool_size or decrease batch size value (which decreases memory usages for the temporary table). Current batch size: 100000; Allocated memory size: 50000000 bytes; InnoDB buffer pool size: 16777216 bytes. [] []
[2022-05-18T14:12:31.239815+00:00] main.WARNING: Memory size allocated for the temporary table is more than 20% of innodb_buffer_pool_size. Please update innodb_buffer_pool_size or decrease batch size value (which decreases memory usages for the temporary table). Current batch size: 100000; Allocated memory size: 50000000 bytes; InnoDB buffer pool size: 16777216 bytes. [] []
[2022-05-18T14:12:31.350529+00:00] main.WARNING: Memory size allocated for the temporary table is more than 20% of innodb_buffer_pool_size. Please update innodb_buffer_pool_size or decrease batch size value (which decreases memory usages for the temporary table). Current batch size: 100000; Allocated memory size: 50000000 bytes; InnoDB buffer pool size: 16777216 bytes. [] []
[2022-05-18T14:12:34.761597+00:00] main.WARNING: Memory size allocated for the temporary table is more than 20% of innodb_buffer_pool_size. Please update innodb_buffer_pool_size or decrease batch size value (which decreases memory usages for the temporary table). Current batch size: 100000; Allocated memory size: 50000000 bytes; InnoDB buffer pool size: 16777216 bytes. [] []
[2022-05-18T14:12:38.959195+00:00] main.WARNING: Memory size allocated for the temporary table is more than 20% of innodb_buffer_pool_size. Please update innodb_buffer_pool_size or decrease batch size value (which decreases memory usages for the temporary table). Current batch size: 1000; Allocated memory size: 4500000 bytes; InnoDB buffer pool size: 16777216 bytes. [] []
[2022-05-18T14:12:42.970037+00:00] main.WARNING: Memory size allocated for the temporary table is more than 20% of innodb_buffer_pool_size. Please update innodb_buffer_pool_size or decrease batch size value (which decreases memory usages for the temporary table). Current batch size: 5000; Allocated memory size: 4000000 bytes; InnoDB buffer pool size: 16777216 bytes. [] []
[2022-05-18T14:12:42.997310+00:00] main.WARNING: Memory size allocated for the temporary table is more than 20% of innodb_buffer_pool_size. Please update innodb_buffer_pool_size or decrease batch size value (which decreases memory usages for the temporary table). Current batch size: 5000; Allocated memory size: 4000000 bytes; InnoDB buffer pool size: 16777216 bytes. [] []
[2022-05-18T14:12:44.939103+00:00] main.WARNING: Memory size allocated for the temporary table is more than 20% of innodb_buffer_pool_size. Please update innodb_buffer_pool_size or decrease batch size value (which decreases memory usages for the temporary table). Current batch size: 5000; Allocated memory size: 4000000 bytes; InnoDB buffer pool size: 16777216 bytes. [] []
[2022-05-18T14:12:44.951816+00:00] main.WARNING: Memory size allocated for the temporary table is more than 20% of innodb_buffer_pool_size. Please update innodb_buffer_pool_size or decrease batch size value (which decreases memory usages for the temporary table). Current batch size: 3334; Allocated memory size: 40008000 bytes; InnoDB buffer pool size: 16777216 bytes. [] []
[2022-05-18T14:12:45.325484+00:00] main.WARNING: Memory size allocated for the temporary table is more than 20% of innodb_buffer_pool_size. Please update innodb_buffer_pool_size or decrease batch size value (which decreases memory usages for the temporary table). Current batch size: 334; Allocated memory size: 4008000 bytes; InnoDB buffer pool size: 16777216 bytes. [] []
[2022-05-18T14:12:45.539655+00:00] main.WARNING: Memory size allocated for the temporary table is more than 20% of innodb_buffer_pool_size. Please update innodb_buffer_pool_size or decrease batch size value (which decreases memory usages for the temporary table). Current batch size: 334; Allocated memory size: 4008000 bytes; InnoDB buffer pool size: 16777216 bytes. [] []
[2022-05-18T14:16:33.603028+00:00] main.INFO: Item Magento_Backend::system_currency was removed [] []
[2022-05-18T14:16:33.626374+00:00] main.INFO: Add of item with id Magento_Theme::design_config was processed [] []
[2022-05-18T14:16:33.626807+00:00] main.INFO: Add of item with id Magento_Theme::system_design_theme was processed [] []
[2022-05-18T14:16:33.627128+00:00] main.INFO: Add of item with id Magento_Config::system_config was processed [] []
[2022-05-18T14:16:33.627394+00:00] main.INFO: Add of item with id Magento_Backend::system_design_schedule was processed [] []
[2022-05-18T14:16:33.627734+00:00] main.INFO: Add of item with id Magento_Backend::system_store was processed [] []
[2022-05-18T14:16:33.627982+00:00] main.INFO: Add of item with id Magento_Backend::dashboard was processed [] []
[2022-05-18T14:16:33.628221+00:00] main.INFO: Add of item with id Magento_Backend::system was processed [] []
[2022-05-18T14:16:33.628494+00:00] main.INFO: Add of item with id Magento_Backend::system_tools was processed [] []
[2022-05-18T14:16:33.628762+00:00] main.INFO: Add of item with id Magento_Backend::system_design was processed [] []
[2022-05-18T14:16:33.629000+00:00] main.INFO: Add of item with id Magento_Backend::system_convert was processed [] []
[2022-05-18T14:16:33.629260+00:00] main.INFO: Add of item with id Magento_Backend::system_cache was processed [] []
[2022-05-18T14:16:33.629495+00:00] main.INFO: Add of item with id Magento_Backend::marketing was processed [] []
[2022-05-18T14:16:33.629754+00:00] main.INFO: Add of item with id Magento_Backend::marketing_communications was processed [] []
[2022-05-18T14:16:33.629989+00:00] main.INFO: Add of item with id Magento_Backend::marketing_seo was processed [] []
[2022-05-18T14:16:33.630220+00:00] main.INFO: Add of item with id Magento_Backend::marketing_user_content was processed [] []
[2022-05-18T14:16:33.630450+00:00] main.INFO: Add of item with id Magento_Backend::content was processed [] []
[2022-05-18T14:16:33.630682+00:00] main.INFO: Add of item with id Magento_Backend::content_elements was processed [] []
[2022-05-18T14:16:33.630912+00:00] main.INFO: Add of item with id Magento_Backend::stores was processed [] []
[2022-05-18T14:16:33.631170+00:00] main.INFO: Add of item with id Magento_Backend::stores_settings was processed [] []
[2022-05-18T14:16:33.631403+00:00] main.INFO: Add of item with id Magento_Backend::stores_attributes was processed [] []
[2022-05-18T14:16:33.631633+00:00] main.INFO: Add of item with id Magento_Backend::other_settings was processed [] []
[2022-05-18T14:16:33.631863+00:00] main.INFO: Add of item with id Magento_Backend::system_other_settings was processed [] []
[2022-05-18T14:16:33.632119+00:00] main.INFO: Add of item with id Magento_Variable::system_variable was processed [] []
[2022-05-18T14:16:33.632378+00:00] main.INFO: Add of item with id Magento_Search::search_terms was processed [] []
[2022-05-18T14:16:33.632610+00:00] main.INFO: Add of item with id Magento_Search::search_synonyms was processed [] []
[2022-05-18T14:16:33.632841+00:00] main.INFO: Add of item with id Magento_Backup::system_tools_backup was processed [] []
[2022-05-18T14:16:33.633070+00:00] main.INFO: Add of item with id Magento_Customer::customer was processed [] []
[2022-05-18T14:16:33.633326+00:00] main.INFO: Add of item with id Magento_Customer::customer_manage was processed [] []
[2022-05-18T14:16:33.634082+00:00] main.INFO: Add of item with id Magento_Customer::customer_online was processed [] []
[2022-05-18T14:16:33.634759+00:00] main.INFO: Add of item with id Magento_Customer::customer_group was processed [] []
[2022-05-18T14:16:33.635207+00:00] main.INFO: Add of item with id Magento_AdminNotification::system_adminnotification was processed [] []
[2022-05-18T14:16:33.635606+00:00] main.INFO: Add of item with id Magento_Indexer::system_index was processed [] []
[2022-05-18T14:16:33.636066+00:00] main.INFO: Add of item with id Magento_Cms::cms_page was processed [] []
[2022-05-18T14:16:33.636428+00:00] main.INFO: Add of item with id Magento_Cms::cms_block was processed [] []
[2022-05-18T14:16:33.636744+00:00] main.INFO: Add of item with id Magento_Catalog::catalog was processed [] []
[2022-05-18T14:16:33.637108+00:00] main.INFO: Add of item with id Magento_Catalog::catalog_products was processed [] []
[2022-05-18T14:16:33.637419+00:00] main.INFO: Add of item with id Magento_Catalog::catalog_categories was processed [] []
[2022-05-18T14:16:33.637771+00:00] main.INFO: Add of item with id Magento_Catalog::catalog_attributes_attributes was processed [] []
[2022-05-18T14:16:33.638080+00:00] main.INFO: Add of item with id Magento_Catalog::catalog_attributes_sets was processed [] []
[2022-05-18T14:16:33.638426+00:00] main.INFO: Add of item with id Magento_Catalog::inventory was processed [] []
[2022-05-18T14:16:33.638735+00:00] main.INFO: Add of item with id Magento_CatalogRule::promo was processed [] []
[2022-05-18T14:16:33.639074+00:00] main.INFO: Add of item with id Magento_CatalogRule::promo_catalog was processed [] []
[2022-05-18T14:16:33.639381+00:00] main.INFO: Add of item with id Magento_Sales::sales was processed [] []
[2022-05-18T14:16:33.639722+00:00] main.INFO: Add of item with id Magento_Sales::sales_operation was processed [] []
[2022-05-18T14:16:33.640065+00:00] main.INFO: Add of item with id Magento_Sales::sales_order was processed [] []
[2022-05-18T14:16:33.640371+00:00] main.INFO: Add of item with id Magento_Sales::sales_invoice was processed [] []
[2022-05-18T14:16:33.640675+00:00] main.INFO: Add of item with id Magento_Sales::sales_shipment was processed [] []
[2022-05-18T14:16:33.640979+00:00] main.INFO: Add of item with id Magento_Sales::sales_creditmemo was processed [] []
[2022-05-18T14:16:33.641283+00:00] main.INFO: Add of item with id Magento_Sales::sales_transactions was processed [] []
[2022-05-18T14:16:33.641588+00:00] main.INFO: Add of item with id Magento_Sales::system_order_statuses was processed [] []
[2022-05-18T14:16:33.641893+00:00] main.INFO: Add of item with id Magento_MediaGalleryUi::media was processed [] []
[2022-05-18T14:16:33.642234+00:00] main.INFO: Add of item with id Magento_MediaGalleryUi::media_gallery was processed [] []
[2022-05-18T14:16:33.642541+00:00] main.INFO: Add of item with id Magento_UrlRewrite::urlrewrite was processed [] []
[2022-05-18T14:16:33.642846+00:00] main.INFO: Add of item with id Magento_User::system_acl was processed [] []
[2022-05-18T14:16:33.643190+00:00] main.INFO: Add of item with id Magento_User::system_acl_users was processed [] []
[2022-05-18T14:16:33.643501+00:00] main.INFO: Add of item with id Magento_User::system_acl_roles was processed [] []
[2022-05-18T14:16:33.643808+00:00] main.INFO: Add of item with id Magento_User::system_acl_locks was processed [] []
[2022-05-18T14:16:33.644160+00:00] main.INFO: Add of item with id Magento_Downloadable::report_products_downloads was processed [] []
[2022-05-18T14:16:33.644474+00:00] main.INFO: Add of item with id Magento_Tax::sales_tax was processed [] []
[2022-05-18T14:16:33.644823+00:00] main.INFO: Add of item with id Magento_Tax::sales_tax_rules was processed [] []
[2022-05-18T14:16:33.645137+00:00] main.INFO: Add of item with id Magento_Tax::sales_tax_rates was processed [] []
[2022-05-18T14:16:33.645448+00:00] main.INFO: Add of item with id Magento_Widget::cms_widget_instance was processed [] []
[2022-05-18T14:16:33.645761+00:00] main.INFO: Add of item with id Magento_Integration::system_extensions was processed [] []
[2022-05-18T14:16:33.646119+00:00] main.INFO: Add of item with id Magento_Integration::system_integrations was processed [] []
[2022-05-18T14:16:33.646657+00:00] main.INFO: Add of item with id Magento_ImportExport::system_convert_import was processed [] []
[2022-05-18T14:16:33.646982+00:00] main.INFO: Add of item with id Magento_ImportExport::system_convert_export was processed [] []
[2022-05-18T14:16:33.647291+00:00] main.INFO: Add of item with id Magento_ImportExport::system_convert_history was processed [] []
[2022-05-18T14:16:33.647644+00:00] main.INFO: Add of item with id Magento_Email::template was processed [] []
[2022-05-18T14:16:33.647956+00:00] main.INFO: Add of item with id Magento_EncryptionKey::system_crypt_key was processed [] []
[2022-05-18T14:16:33.648302+00:00] main.INFO: Add of item with id Magento_Analytics::business_intelligence was processed [] []
[2022-05-18T14:16:33.648649+00:00] main.INFO: Add of item with id Magento_Analytics::advanced_reporting was processed [] []
[2022-05-18T14:16:33.648963+00:00] main.INFO: Add of item with id Magento_Analytics::bi_essentials was processed [] []
[2022-05-18T14:16:33.649272+00:00] main.INFO: Add of item with id Magento_InventoryAdminUi::inventory was processed [] []
[2022-05-18T14:16:33.649621+00:00] main.INFO: Add of item with id Magento_InventoryAdminUi::source was processed [] []
[2022-05-18T14:16:33.649931+00:00] main.INFO: Add of item with id Magento_InventoryAdminUi::stock was processed [] []
[2022-05-18T14:16:33.650238+00:00] main.INFO: Add of item with id Magento_Reports::report was processed [] []
[2022-05-18T14:16:33.650542+00:00] main.INFO: Add of item with id Magento_Reports::report_marketing was processed [] []
[2022-05-18T14:16:33.650846+00:00] main.INFO: Add of item with id Magento_Reports::report_salesroot was processed [] []
[2022-05-18T14:16:33.651200+00:00] main.INFO: Add of item with id Magento_Reports::report_salesroot_sales was processed [] []
[2022-05-18T14:16:33.651509+00:00] main.INFO: Add of item with id Magento_Reports::report_salesroot_tax was processed [] []
[2022-05-18T14:16:33.651815+00:00] main.INFO: Add of item with id Magento_Reports::report_salesroot_invoiced was processed [] []
[2022-05-18T14:16:33.652123+00:00] main.INFO: Add of item with id Magento_Reports::report_salesroot_shipping was processed [] []
[2022-05-18T14:16:33.652428+00:00] main.INFO: Add of item with id Magento_Reports::report_salesroot_refunded was processed [] []
[2022-05-18T14:16:33.652732+00:00] main.INFO: Add of item with id Magento_Reports::report_salesroot_coupons was processed [] []
[2022-05-18T14:16:33.653099+00:00] main.INFO: Add of item with id Magento_Reports::report_shopcart_product was processed [] []
[2022-05-18T14:16:33.653417+00:00] main.INFO: Add of item with id Magento_Reports::report_shopcart_abandoned was processed [] []
[2022-05-18T14:16:33.654037+00:00] main.INFO: Add of item with id Magento_Reports::report_products was processed [] []
[2022-05-18T14:16:33.654366+00:00] main.INFO: Add of item with id Magento_Reports::report_products_bestsellers was processed [] []
[2022-05-18T14:16:33.654704+00:00] main.INFO: Add of item with id Magento_Reports::report_products_sold was processed [] []
[2022-05-18T14:16:33.655037+00:00] main.INFO: Add of item with id Magento_Reports::report_products_viewed was processed [] []
[2022-05-18T14:16:33.655343+00:00] main.INFO: Add of item with id Magento_Reports::report_products_lowstock was processed [] []
[2022-05-18T14:16:33.655649+00:00] main.INFO: Add of item with id Magento_Reports::report_customers was processed [] []
[2022-05-18T14:16:33.656023+00:00] main.INFO: Add of item with id Magento_Reports::report_customers_accounts was processed [] []
[2022-05-18T14:16:33.656333+00:00] main.INFO: Add of item with id Magento_Reports::report_customers_totals was processed [] []
[2022-05-18T14:16:33.656637+00:00] main.INFO: Add of item with id Magento_Reports::report_customers_orders was processed [] []
[2022-05-18T14:16:33.656943+00:00] main.INFO: Add of item with id Magento_Reports::report_statistics was processed [] []
[2022-05-18T14:16:33.657299+00:00] main.INFO: Add of item with id Magento_Reports::report_statistics_refresh was processed [] []
[2022-05-18T14:16:33.657621+00:00] main.INFO: Add of item with id Magento_Search::report_search_term was processed [] []
[2022-05-18T14:16:33.657936+00:00] main.INFO: Add of item with id Magento_LoginAsCustomerLog::login_log was processed [] []
[2022-05-18T14:16:33.658241+00:00] main.INFO: Add of item with id Magento_Marketplace::partners was processed [] []
[2022-05-18T14:16:33.658550+00:00] main.INFO: Add of item with id Magento_Newsletter::newsletter_template was processed [] []
[2022-05-18T14:16:33.659712+00:00] main.INFO: Add of item with id Magento_Newsletter::newsletter_queue was processed [] []
[2022-05-18T14:16:33.660093+00:00] main.INFO: Add of item with id Magento_Newsletter::newsletter_subscriber was processed [] []
[2022-05-18T14:16:33.660422+00:00] main.INFO: Add of item with id Magento_Newsletter::newsletter_problem was processed [] []
[2022-05-18T14:16:33.660739+00:00] main.INFO: Add of item with id Magento_SalesRule::promo_quote was processed [] []
[2022-05-18T14:16:33.661053+00:00] main.INFO: Add of item with id Magento_Sitemap::catalog_sitemap was processed [] []
[2022-05-18T14:16:33.661364+00:00] main.INFO: Add of item with id Magento_PageBuilder::templates was processed [] []
[2022-05-18T14:16:33.661673+00:00] main.INFO: Add of item with id Magento_Paypal::report_salesroot_paypal_settlement_reports was processed [] []
[2022-05-18T14:16:33.661986+00:00] main.INFO: Add of item with id Magento_Paypal::paypal_billing_agreement was processed [] []
[2022-05-18T14:16:33.662294+00:00] main.INFO: Add of item with id Magento_Review::catalog_reviews_ratings_ratings was processed [] []
[2022-05-18T14:16:33.662673+00:00] main.INFO: Add of item with id Magento_Review::catalog_reviews_ratings_pending was processed [] []
[2022-05-18T14:16:33.662986+00:00] main.INFO: Add of item with id Magento_Review::catalog_reviews_ratings_reviews_all was processed [] []
[2022-05-18T14:16:33.663296+00:00] main.INFO: Add of item with id Magento_Review::report_review was processed [] []
[2022-05-18T14:16:33.663654+00:00] main.INFO: Add of item with id Magento_Review::report_review_customer was processed [] []
[2022-05-18T14:16:33.663964+00:00] main.INFO: Add of item with id Magento_Review::report_review_product was processed [] []
[2022-05-18T14:16:33.664273+00:00] main.INFO: Add of item with id Magento_CheckoutAgreements::sales_checkoutagreement was processed [] []
[2022-05-18T14:16:33.664581+00:00] main.INFO: Add of item with id Magento_TaxImportExport::system_convert_tax was processed [] []
[2022-05-18T14:16:33.664887+00:00] main.INFO: Add of item with id Magento_AsynchronousOperations::system_magento_logging was processed [] []
[2022-05-18T14:16:33.665268+00:00] main.INFO: Add of item with id Magento_AsynchronousOperations::system_magento_logging_bulk_operations was processed [] []
[2022-05-18T14:16:33.665586+00:00] main.INFO: Add of item with id Magento_CurrencySymbol::system_currency was processed [] []
[2022-05-18T14:16:33.665936+00:00] main.INFO: Add of item with id Magento_CurrencySymbol::system_currency_rates was processed [] []
[2022-05-18T14:16:33.666248+00:00] main.INFO: Add of item with id Magento_CurrencySymbol::system_currency_symbols was processed [] []
[2022-05-18T14:16:33.666561+00:00] main.INFO: Add of item with id Mageplaza_Productslider::productslider was processed [] []
[2022-05-18T14:16:33.666917+00:00] main.INFO: Add of item with id Mageplaza_Productslider::slider was processed [] []
[2022-05-18T14:16:33.667231+00:00] main.INFO: Add of item with id Mageplaza_Productslider::configuration was processed [] []
[2022-05-18T14:16:33.667539+00:00] main.INFO: Add of item with id Mageplaza_Smtp::smtp was processed [] []
[2022-05-18T14:16:33.667894+00:00] main.INFO: Add of item with id Mageplaza_Smtp::log was processed [] []
[2022-05-18T14:16:33.668206+00:00] main.INFO: Add of item with id Mageplaza_Smtp::configuration was processed [] []
[2022-05-18T14:16:33.668514+00:00] main.INFO: Add of item with id Mageplaza_Smtp::abandoned_cart was processed [] []
[2022-05-18T14:16:33.668850+00:00] main.INFO: Add of item with id Avada_Smtp::email_marketing was processed [] []
[2022-05-18T14:16:33.669240+00:00] main.INFO: Add of item with id Avada_Smtp::email_marketing_automation was processed [] []
[2022-05-18T14:16:33.669572+00:00] main.INFO: Add of item with id Avada_Smtp::email_marketing_newsletters was processed [] []
[2022-05-18T14:16:33.669900+00:00] main.INFO: Add of item with id Avada_Smtp::email_marketing_sms was processed [] []
[2022-05-18T14:16:33.670236+00:00] main.INFO: Add of item with id Avada_Smtp::email_marketing_forms was processed [] []
[2022-05-18T14:16:33.670571+00:00] main.INFO: Add of item with id PayPal_Braintree::settlement_report was processed [] []
[2022-05-18T14:16:33.670887+00:00] main.INFO: Add of item with id PayPal_Braintree::virtual_terminal was processed [] []
[2022-05-18T14:19:40.049802+00:00] main.WARNING: Memory size allocated for the temporary table is more than 20% of innodb_buffer_pool_size. Please update innodb_buffer_pool_size or decrease batch size value (which decreases memory usages for the temporary table). Current batch size: 100000; Allocated memory size: 50000000 bytes; InnoDB buffer pool size: 16777216 bytes. [] []
[2022-05-18T14:19:40.246235+00:00] main.WARNING: Memory size allocated for the temporary table is more than 20% of innodb_buffer_pool_size. Please update innodb_buffer_pool_size or decrease batch size value (which decreases memory usages for the temporary table). Current batch size: 100000; Allocated memory size: 50000000 bytes; InnoDB buffer pool size: 16777216 bytes. [] []
[2022-05-18T14:19:43.643759+00:00] main.WARNING: Memory size allocated for the temporary table is more than 20% of innodb_buffer_pool_size. Please update innodb_buffer_pool_size or decrease batch size value (which decreases memory usages for the temporary table). Current batch size: 100000; Allocated memory size: 50000000 bytes; InnoDB buffer pool size: 16777216 bytes. [] []
[2022-05-18T14:19:44.156112+00:00] main.WARNING: Memory size allocated for the temporary table is more than 20% of innodb_buffer_pool_size. Please update innodb_buffer_pool_size or decrease batch size value (which decreases memory usages for the temporary table). Current batch size: 100000; Allocated memory size: 50000000 bytes; InnoDB buffer pool size: 16777216 bytes. [] []
[2022-05-18T14:19:44.292610+00:00] main.WARNING: Memory size allocated for the temporary table is more than 20% of innodb_buffer_pool_size. Please update innodb_buffer_pool_size or decrease batch size value (which decreases memory usages for the temporary table). Current batch size: 100000; Allocated memory size: 50000000 bytes; InnoDB buffer pool size: 16777216 bytes. [] []
[2022-05-18T14:19:47.778902+00:00] main.WARNING: Memory size allocated for the temporary table is more than 20% of innodb_buffer_pool_size. Please update innodb_buffer_pool_size or decrease batch size value (which decreases memory usages for the temporary table). Current batch size: 100000; Allocated memory size: 50000000 bytes; InnoDB buffer pool size: 16777216 bytes. [] []
[2022-05-18T14:19:52.315690+00:00] main.WARNING: Memory size allocated for the temporary table is more than 20% of innodb_buffer_pool_size. Please update innodb_buffer_pool_size or decrease batch size value (which decreases memory usages for the temporary table). Current batch size: 1000; Allocated memory size: 4500000 bytes; InnoDB buffer pool size: 16777216 bytes. [] []
[2022-05-18T14:19:56.580302+00:00] main.WARNING: Memory size allocated for the temporary table is more than 20% of innodb_buffer_pool_size. Please update innodb_buffer_pool_size or decrease batch size value (which decreases memory usages for the temporary table). Current batch size: 5000; Allocated memory size: 4000000 bytes; InnoDB buffer pool size: 16777216 bytes. [] []
[2022-05-18T14:19:56.586649+00:00] main.WARNING: Memory size allocated for the temporary table is more than 20% of innodb_buffer_pool_size. Please update innodb_buffer_pool_size or decrease batch size value (which decreases memory usages for the temporary table). Current batch size: 5000; Allocated memory size: 4000000 bytes; InnoDB buffer pool size: 16777216 bytes. [] []
[2022-05-18T14:19:58.424457+00:00] main.WARNING: Memory size allocated for the temporary table is more than 20% of innodb_buffer_pool_size. Please update innodb_buffer_pool_size or decrease batch size value (which decreases memory usages for the temporary table). Current batch size: 5000; Allocated memory size: 4000000 bytes; InnoDB buffer pool size: 16777216 bytes. [] []
[2022-05-18T14:19:58.435244+00:00] main.WARNING: Memory size allocated for the temporary table is more than 20% of innodb_buffer_pool_size. Please update innodb_buffer_pool_size or decrease batch size value (which decreases memory usages for the temporary table). Current batch size: 3334; Allocated memory size: 40008000 bytes; InnoDB buffer pool size: 16777216 bytes. [] []
[2022-05-18T14:19:58.856993+00:00] main.WARNING: Memory size allocated for the temporary table is more than 20% of innodb_buffer_pool_size. Please update innodb_buffer_pool_size or decrease batch size value (which decreases memory usages for the temporary table). Current batch size: 334; Allocated memory size: 4008000 bytes; InnoDB buffer pool size: 16777216 bytes. [] []
[2022-05-18T14:19:59.033136+00:00] main.WARNING: Memory size allocated for the temporary table is more than 20% of innodb_buffer_pool_size. Please update innodb_buffer_pool_size or decrease batch size value (which decreases memory usages for the temporary table). Current batch size: 334; Allocated memory size: 4008000 bytes; InnoDB buffer pool size: 16777216 bytes. [] []
[2022-05-18T14:24:26.523181+00:00] main.INFO: Item Magento_Backend::system_currency was removed [] []
[2022-05-18T14:24:26.549852+00:00] main.INFO: Add of item with id Magento_Theme::design_config was processed [] []
[2022-05-18T14:24:26.550287+00:00] main.INFO: Add of item with id Magento_Theme::system_design_theme was processed [] []
[2022-05-18T14:24:26.550617+00:00] main.INFO: Add of item with id Magento_Config::system_config was processed [] []
[2022-05-18T14:24:26.550891+00:00] main.INFO: Add of item with id Magento_Backend::system_design_schedule was processed [] []
[2022-05-18T14:24:26.551148+00:00] main.INFO: Add of item with id Magento_Backend::system_store was processed [] []
[2022-05-18T14:24:26.551394+00:00] main.INFO: Add of item with id Magento_Backend::dashboard was processed [] []
[2022-05-18T14:24:26.551636+00:00] main.INFO: Add of item with id Magento_Backend::system was processed [] []
[2022-05-18T14:24:26.551911+00:00] main.INFO: Add of item with id Magento_Backend::system_tools was processed [] []
[2022-05-18T14:24:26.552183+00:00] main.INFO: Add of item with id Magento_Backend::system_design was processed [] []
[2022-05-18T14:24:26.552422+00:00] main.INFO: Add of item with id Magento_Backend::system_convert was processed [] []
[2022-05-18T14:24:26.552685+00:00] main.INFO: Add of item with id Magento_Backend::system_cache was processed [] []
[2022-05-18T14:24:26.552931+00:00] main.INFO: Add of item with id Magento_Backend::marketing was processed [] []
[2022-05-18T14:24:26.553191+00:00] main.INFO: Add of item with id Magento_Backend::marketing_communications was processed [] []
[2022-05-18T14:24:26.553426+00:00] main.INFO: Add of item with id Magento_Backend::marketing_seo was processed [] []
[2022-05-18T14:24:26.553657+00:00] main.INFO: Add of item with id Magento_Backend::marketing_user_content was processed [] []
[2022-05-18T14:24:26.553885+00:00] main.INFO: Add of item with id Magento_Backend::content was processed [] []
[2022-05-18T14:24:26.554115+00:00] main.INFO: Add of item with id Magento_Backend::content_elements was processed [] []
[2022-05-18T14:24:26.554342+00:00] main.INFO: Add of item with id Magento_Backend::stores was processed [] []
[2022-05-18T14:24:26.554600+00:00] main.INFO: Add of item with id Magento_Backend::stores_settings was processed [] []
[2022-05-18T14:24:26.554831+00:00] main.INFO: Add of item with id Magento_Backend::stores_attributes was processed [] []
[2022-05-18T14:24:26.555136+00:00] main.INFO: Add of item with id Magento_Backend::other_settings was processed [] []
[2022-05-18T14:24:26.555371+00:00] main.INFO: Add of item with id Magento_Backend::system_other_settings was processed [] []
[2022-05-18T14:24:26.555630+00:00] main.INFO: Add of item with id Magento_Variable::system_variable was processed [] []
[2022-05-18T14:24:26.555890+00:00] main.INFO: Add of item with id Magento_Search::search_terms was processed [] []
[2022-05-18T14:24:26.556122+00:00] main.INFO: Add of item with id Magento_Search::search_synonyms was processed [] []
[2022-05-18T14:24:26.556351+00:00] main.INFO: Add of item with id Magento_Backup::system_tools_backup was processed [] []
[2022-05-18T14:24:26.556579+00:00] main.INFO: Add of item with id Magento_Customer::customer was processed [] []
[2022-05-18T14:24:26.556915+00:00] main.INFO: Add of item with id Magento_Customer::customer_manage was processed [] []
[2022-05-18T14:24:26.557156+00:00] main.INFO: Add of item with id Magento_Customer::customer_online was processed [] []
[2022-05-18T14:24:26.557386+00:00] main.INFO: Add of item with id Magento_Customer::customer_group was processed [] []
[2022-05-18T14:24:26.557615+00:00] main.INFO: Add of item with id Magento_AdminNotification::system_adminnotification was processed [] []
[2022-05-18T14:24:26.557847+00:00] main.INFO: Add of item with id Magento_Indexer::system_index was processed [] []
[2022-05-18T14:24:26.558111+00:00] main.INFO: Add of item with id Magento_Cms::cms_page was processed [] []
[2022-05-18T14:24:26.558343+00:00] main.INFO: Add of item with id Magento_Cms::cms_block was processed [] []
[2022-05-18T14:24:26.558571+00:00] main.INFO: Add of item with id Magento_Catalog::catalog was processed [] []
[2022-05-18T14:24:26.558831+00:00] main.INFO: Add of item with id Magento_Catalog::catalog_products was processed [] []
[2022-05-18T14:24:26.559063+00:00] main.INFO: Add of item with id Magento_Catalog::catalog_categories was processed [] []
[2022-05-18T14:24:26.559321+00:00] main.INFO: Add of item with id Magento_Catalog::catalog_attributes_attributes was processed [] []
[2022-05-18T14:24:26.559553+00:00] main.INFO: Add of item with id Magento_Catalog::catalog_attributes_sets was processed [] []
[2022-05-18T14:24:26.560077+00:00] main.INFO: Add of item with id Magento_Catalog::inventory was processed [] []
[2022-05-18T14:24:26.560506+00:00] main.INFO: Add of item with id Magento_CatalogRule::promo was processed [] []
[2022-05-18T14:24:26.561084+00:00] main.INFO: Add of item with id Magento_CatalogRule::promo_catalog was processed [] []
[2022-05-18T14:24:26.561477+00:00] main.INFO: Add of item with id Magento_Sales::sales was processed [] []
[2022-05-18T14:24:26.561905+00:00] main.INFO: Add of item with id Magento_Sales::sales_operation was processed [] []
[2022-05-18T14:24:26.562632+00:00] main.INFO: Add of item with id Magento_Sales::sales_order was processed [] []
[2022-05-18T14:24:26.563290+00:00] main.INFO: Add of item with id Magento_Sales::sales_invoice was processed [] []
[2022-05-18T14:24:26.563715+00:00] main.INFO: Add of item with id Magento_Sales::sales_shipment was processed [] []
[2022-05-18T14:24:26.564114+00:00] main.INFO: Add of item with id Magento_Sales::sales_creditmemo was processed [] []
[2022-05-18T14:24:26.564501+00:00] main.INFO: Add of item with id Magento_Sales::sales_transactions was processed [] []
[2022-05-18T14:24:26.564875+00:00] main.INFO: Add of item with id Magento_Sales::system_order_statuses was processed [] []
[2022-05-18T14:24:26.565247+00:00] main.INFO: Add of item with id Magento_MediaGalleryUi::media was processed [] []
[2022-05-18T14:24:26.565695+00:00] main.INFO: Add of item with id Magento_MediaGalleryUi::media_gallery was processed [] []
[2022-05-18T14:24:26.566060+00:00] main.INFO: Add of item with id Magento_UrlRewrite::urlrewrite was processed [] []
[2022-05-18T14:24:26.566422+00:00] main.INFO: Add of item with id Magento_User::system_acl was processed [] []
[2022-05-18T14:24:26.566845+00:00] main.INFO: Add of item with id Magento_User::system_acl_users was processed [] []
[2022-05-18T14:24:26.567295+00:00] main.INFO: Add of item with id Magento_User::system_acl_roles was processed [] []
[2022-05-18T14:24:26.567651+00:00] main.INFO: Add of item with id Magento_User::system_acl_locks was processed [] []
[2022-05-18T14:24:26.568054+00:00] main.INFO: Add of item with id Magento_Downloadable::report_products_downloads was processed [] []
[2022-05-18T14:24:26.568404+00:00] main.INFO: Add of item with id Magento_Tax::sales_tax was processed [] []
[2022-05-18T14:24:26.568859+00:00] main.INFO: Add of item with id Magento_Tax::sales_tax_rules was processed [] []
[2022-05-18T14:24:26.569175+00:00] main.INFO: Add of item with id Magento_Tax::sales_tax_rates was processed [] []
[2022-05-18T14:24:26.569556+00:00] main.INFO: Add of item with id Magento_Widget::cms_widget_instance was processed [] []
[2022-05-18T14:24:26.569864+00:00] main.INFO: Add of item with id Magento_Integration::system_extensions was processed [] []
[2022-05-18T14:24:26.570213+00:00] main.INFO: Add of item with id Magento_Integration::system_integrations was processed [] []
[2022-05-18T14:24:26.570553+00:00] main.INFO: Add of item with id Magento_ImportExport::system_convert_import was processed [] []
[2022-05-18T14:24:26.570861+00:00] main.INFO: Add of item with id Magento_ImportExport::system_convert_export was processed [] []
[2022-05-18T14:24:26.571165+00:00] main.INFO: Add of item with id Magento_ImportExport::system_convert_history was processed [] []
[2022-05-18T14:24:26.571507+00:00] main.INFO: Add of item with id Magento_Email::template was processed [] []
[2022-05-18T14:24:26.571815+00:00] main.INFO: Add of item with id Magento_EncryptionKey::system_crypt_key was processed [] []
[2022-05-18T14:24:26.572157+00:00] main.INFO: Add of item with id Magento_Analytics::business_intelligence was processed [] []
[2022-05-18T14:24:26.572496+00:00] main.INFO: Add of item with id Magento_Analytics::advanced_reporting was processed [] []
[2022-05-18T14:24:26.572801+00:00] main.INFO: Add of item with id Magento_Analytics::bi_essentials was processed [] []
[2022-05-18T14:24:26.573105+00:00] main.INFO: Add of item with id Magento_InventoryAdminUi::inventory was processed [] []
[2022-05-18T14:24:26.573443+00:00] main.INFO: Add of item with id Magento_InventoryAdminUi::source was processed [] []
[2022-05-18T14:24:26.573747+00:00] main.INFO: Add of item with id Magento_InventoryAdminUi::stock was processed [] []
[2022-05-18T14:24:26.574050+00:00] main.INFO: Add of item with id Magento_Reports::report was processed [] []
[2022-05-18T14:24:26.574352+00:00] main.INFO: Add of item with id Magento_Reports::report_marketing was processed [] []
[2022-05-18T14:24:26.574654+00:00] main.INFO: Add of item with id Magento_Reports::report_salesroot was processed [] []
[2022-05-18T14:24:26.574990+00:00] main.INFO: Add of item with id Magento_Reports::report_salesroot_sales was processed [] []
[2022-05-18T14:24:26.575293+00:00] main.INFO: Add of item with id Magento_Reports::report_salesroot_tax was processed [] []
[2022-05-18T14:24:26.575595+00:00] main.INFO: Add of item with id Magento_Reports::report_salesroot_invoiced was processed [] []
[2022-05-18T14:24:26.575894+00:00] main.INFO: Add of item with id Magento_Reports::report_salesroot_shipping was processed [] []
[2022-05-18T14:24:26.576194+00:00] main.INFO: Add of item with id Magento_Reports::report_salesroot_refunded was processed [] []
[2022-05-18T14:24:26.576494+00:00] main.INFO: Add of item with id Magento_Reports::report_salesroot_coupons was processed [] []
[2022-05-18T14:24:26.576830+00:00] main.INFO: Add of item with id Magento_Reports::report_shopcart_product was processed [] []
[2022-05-18T14:24:26.577133+00:00] main.INFO: Add of item with id Magento_Reports::report_shopcart_abandoned was processed [] []
[2022-05-18T14:24:26.577433+00:00] main.INFO: Add of item with id Magento_Reports::report_products was processed [] []
[2022-05-18T14:24:26.577735+00:00] main.INFO: Add of item with id Magento_Reports::report_products_bestsellers was processed [] []
[2022-05-18T14:24:26.578122+00:00] main.INFO: Add of item with id Magento_Reports::report_products_sold was processed [] []
[2022-05-18T14:24:26.578427+00:00] main.INFO: Add of item with id Magento_Reports::report_products_viewed was processed [] []
[2022-05-18T14:24:26.578728+00:00] main.INFO: Add of item with id Magento_Reports::report_products_lowstock was processed [] []
[2022-05-18T14:24:26.579029+00:00] main.INFO: Add of item with id Magento_Reports::report_customers was processed [] []
[2022-05-18T14:24:26.579367+00:00] main.INFO: Add of item with id Magento_Reports::report_customers_accounts was processed [] []
[2022-05-18T14:24:26.579670+00:00] main.INFO: Add of item with id Magento_Reports::report_customers_totals was processed [] []
[2022-05-18T14:24:26.580306+00:00] main.INFO: Add of item with id Magento_Reports::report_customers_orders was processed [] []
[2022-05-18T14:24:26.580686+00:00] main.INFO: Add of item with id Magento_Reports::report_statistics was processed [] []
[2022-05-18T14:24:26.581179+00:00] main.INFO: Add of item with id Magento_Reports::report_statistics_refresh was processed [] []
[2022-05-18T14:24:26.581706+00:00] main.INFO: Add of item with id Magento_Search::report_search_term was processed [] []
[2022-05-18T14:24:26.582099+00:00] main.INFO: Add of item with id Magento_LoginAsCustomerLog::login_log was processed [] []
[2022-05-18T14:24:26.582494+00:00] main.INFO: Add of item with id Magento_Marketplace::partners was processed [] []
[2022-05-18T14:24:26.582788+00:00] main.INFO: Add of item with id Magento_Newsletter::newsletter_template was processed [] []
[2022-05-18T14:24:26.583027+00:00] main.INFO: Add of item with id Magento_Newsletter::newsletter_queue was processed [] []
[2022-05-18T14:24:26.583260+00:00] main.INFO: Add of item with id Magento_Newsletter::newsletter_subscriber was processed [] []
[2022-05-18T14:24:26.583492+00:00] main.INFO: Add of item with id Magento_Newsletter::newsletter_problem was processed [] []
[2022-05-18T14:24:26.583723+00:00] main.INFO: Add of item with id Magento_SalesRule::promo_quote was processed [] []
[2022-05-18T14:24:26.583954+00:00] main.INFO: Add of item with id Magento_Sitemap::catalog_sitemap was processed [] []
[2022-05-18T14:24:26.584274+00:00] main.INFO: Add of item with id Magento_PageBuilder::templates was processed [] []
[2022-05-18T14:24:26.584657+00:00] main.INFO: Add of item with id Magento_Paypal::report_salesroot_paypal_settlement_reports was processed [] []
[2022-05-18T14:24:26.585018+00:00] main.INFO: Add of item with id Magento_Paypal::paypal_billing_agreement was processed [] []
[2022-05-18T14:24:26.585355+00:00] main.INFO: Add of item with id Magento_Review::catalog_reviews_ratings_ratings was processed [] []
[2022-05-18T14:24:26.585716+00:00] main.INFO: Add of item with id Magento_Review::catalog_reviews_ratings_pending was processed [] []
[2022-05-18T14:24:26.586014+00:00] main.INFO: Add of item with id Magento_Review::catalog_reviews_ratings_reviews_all was processed [] []
[2022-05-18T14:24:26.586311+00:00] main.INFO: Add of item with id Magento_Review::report_review was processed [] []
[2022-05-18T14:24:26.586580+00:00] main.INFO: Add of item with id Magento_Review::report_review_customer was processed [] []
[2022-05-18T14:24:26.586823+00:00] main.INFO: Add of item with id Magento_Review::report_review_product was processed [] []
[2022-05-18T14:24:26.587102+00:00] main.INFO: Add of item with id Magento_CheckoutAgreements::sales_checkoutagreement was processed [] []
[2022-05-18T14:24:26.587404+00:00] main.INFO: Add of item with id Magento_TaxImportExport::system_convert_tax was processed [] []
[2022-05-18T14:24:26.587703+00:00] main.INFO: Add of item with id Magento_AsynchronousOperations::system_magento_logging was processed [] []
[2022-05-18T14:24:26.588041+00:00] main.INFO: Add of item with id Magento_AsynchronousOperations::system_magento_logging_bulk_operations was processed [] []
[2022-05-18T14:24:26.588340+00:00] main.INFO: Add of item with id Magento_CurrencySymbol::system_currency was processed [] []
[2022-05-18T14:24:26.588667+00:00] main.INFO: Add of item with id Magento_CurrencySymbol::system_currency_rates was processed [] []
[2022-05-18T14:24:26.588963+00:00] main.INFO: Add of item with id Magento_CurrencySymbol::system_currency_symbols was processed [] []
[2022-05-18T14:24:26.589253+00:00] main.INFO: Add of item with id Mageplaza_BannerSlider::bannerslider was processed [] []
[2022-05-18T14:24:26.589571+00:00] main.INFO: Add of item with id Mageplaza_BannerSlider::banner was processed [] []
[2022-05-18T14:24:26.589864+00:00] main.INFO: Add of item with id Mageplaza_BannerSlider::slider was processed [] []
[2022-05-18T14:24:26.590149+00:00] main.INFO: Add of item with id Mageplaza_BannerSlider::configuration was processed [] []
[2022-05-18T14:24:26.590541+00:00] main.INFO: Add of item with id Mageplaza_Productslider::productslider was processed [] []
[2022-05-18T14:24:26.590887+00:00] main.INFO: Add of item with id Mageplaza_Productslider::slider was processed [] []
[2022-05-18T14:24:26.591188+00:00] main.INFO: Add of item with id Mageplaza_Productslider::configuration was processed [] []
[2022-05-18T14:24:26.591476+00:00] main.INFO: Add of item with id Mageplaza_Smtp::smtp was processed [] []
[2022-05-18T14:24:26.591742+00:00] main.INFO: Add of item with id Mageplaza_Smtp::log was processed [] []
[2022-05-18T14:24:26.591977+00:00] main.INFO: Add of item with id Mageplaza_Smtp::configuration was processed [] []
[2022-05-18T14:24:26.592239+00:00] main.INFO: Add of item with id Mageplaza_Smtp::abandoned_cart was processed [] []
[2022-05-18T14:24:26.592534+00:00] main.INFO: Add of item with id Avada_Smtp::email_marketing was processed [] []
[2022-05-18T14:24:26.592869+00:00] main.INFO: Add of item with id Avada_Smtp::email_marketing_automation was processed [] []
[2022-05-18T14:24:26.593164+00:00] main.INFO: Add of item with id Avada_Smtp::email_marketing_newsletters was processed [] []
[2022-05-18T14:24:26.593456+00:00] main.INFO: Add of item with id Avada_Smtp::email_marketing_sms was processed [] []
[2022-05-18T14:24:26.593747+00:00] main.INFO: Add of item with id Avada_Smtp::email_marketing_forms was processed [] []
[2022-05-18T14:24:26.594045+00:00] main.INFO: Add of item with id PayPal_Braintree::settlement_report was processed [] []
[2022-05-18T14:24:26.594340+00:00] main.INFO: Add of item with id PayPal_Braintree::virtual_terminal was processed [] []
